\BOOKMARK [0][-]{chapter.1}{绪 论}{}% 1
\BOOKMARK [1][-]{section.1.1}{研究背景及意义}{chapter.1}% 2
\BOOKMARK [1][-]{section.1.2}{国内外研究现状}{chapter.1}% 3
\BOOKMARK [2][-]{subsection.1.2.1}{CPS的形式化建模}{section.1.2}% 4
\BOOKMARK [2][-]{subsection.1.2.2}{分布式技术\(Distributed technology\)}{section.1.2}% 5
\BOOKMARK [2][-]{subsection.1.2.3}{协同仿真\(Co-simulation\)}{section.1.2}% 6
\BOOKMARK [2][-]{subsection.1.2.4}{统计模型检测\(Statistical Model Checking\)}{section.1.2}% 7
\BOOKMARK [1][-]{section.1.3}{本文技术路线及主要研究内容}{chapter.1}% 8
\BOOKMARK [1][-]{section.1.4}{本文组织结构}{chapter.1}% 9
\BOOKMARK [1][-]{section.1.5}{本章小结}{chapter.1}% 10
\BOOKMARK [0][-]{chapter.2}{预备知识与概念}{}% 11
\BOOKMARK [1][-]{section.2.1}{信息物理融合系统及异构性}{chapter.2}% 12
\BOOKMARK [1][-]{section.2.2}{FMI功能模型接口及FMU}{chapter.2}% 13
\BOOKMARK [1][-]{section.2.3}{时间自动机}{chapter.2}% 14
\BOOKMARK [1][-]{section.2.4}{概率有界线性时态逻辑}{chapter.2}% 15
\BOOKMARK [1][-]{section.2.5}{本章小结}{chapter.2}% 16
\BOOKMARK [0][-]{chapter.3}{异构系统协同行为的正确性验证}{}% 17
\BOOKMARK [1][-]{section.3.1}{技术框架}{chapter.3}% 18
\BOOKMARK [1][-]{section.3.2}{协同仿真主算法的验证}{chapter.3}% 19
\BOOKMARK [2][-]{subsection.3.2.1}{协同仿真主算法介绍}{section.3.2}% 20
\BOOKMARK [2][-]{subsection.3.2.2}{协同仿真主算法的建模和验证}{section.3.2}% 21
\BOOKMARK [1][-]{section.3.3}{异构系统协同行为的验证}{chapter.3}% 22
\BOOKMARK [2][-]{subsection.3.3.1}{FMU到时间自动机的映射}{section.3.3}% 23
\BOOKMARK [2][-]{subsection.3.3.2}{基于SysML的架构建模}{section.3.3}% 24
\BOOKMARK [2][-]{subsection.3.3.3}{基于FMI的连接关系配置}{section.3.3}% 25
\BOOKMARK [2][-]{subsection.3.3.4}{协同行为的验证分析}{section.3.3}% 26
\BOOKMARK [1][-]{section.3.4}{本章小结}{chapter.3}% 27
\BOOKMARK [0][-]{chapter.4}{基于分布式统计模型检测的异构系统验证分析}{}% 28
\BOOKMARK [1][-]{section.4.1}{基于FMI的协同仿真}{chapter.4}% 29
\BOOKMARK [1][-]{section.4.2}{基于抽象和学习的分布式统计模型检测}{chapter.4}% 30
\BOOKMARK [1][-]{section.4.3}{异构系统验证分析}{chapter.4}% 31
\BOOKMARK [1][-]{section.4.4}{本章小结}{chapter.4}% 32
\BOOKMARK [0][-]{chapter.5}{工具实现}{}% 33
\BOOKMARK [1][-]{section.5.1}{MODANA平台介绍}{chapter.5}% 34
\BOOKMARK [1][-]{section.5.2}{基于MODANA平台的Co-SMC工具介绍}{chapter.5}% 35
\BOOKMARK [1][-]{section.5.3}{基于统计模型检测的异构系统验证程序实现}{chapter.5}% 36
\BOOKMARK [1][-]{section.5.4}{本章小结}{chapter.5}% 37
\BOOKMARK [0][-]{chapter.6}{案例分析与实验评估}{}% 38
\BOOKMARK [1][-]{section.6.1}{案例一建模与分析：XXX系统}{chapter.6}% 39
\BOOKMARK [2][-]{subsection.6.1.1}{XXX系统建模}{section.6.1}% 40
\BOOKMARK [2][-]{subsection.6.1.2}{XXX约束属性抽象}{section.6.1}% 41
\BOOKMARK [2][-]{subsection.6.1.3}{XXX系统验证分析}{section.6.1}% 42
\BOOKMARK [2][-]{subsection.6.1.4}{实验结果评估}{section.6.1}% 43
\BOOKMARK [1][-]{section.6.2}{案例二建模与分析：XXX系统}{chapter.6}% 44
\BOOKMARK [2][-]{subsection.6.2.1}{XXX系统建模}{section.6.2}% 45
\BOOKMARK [2][-]{subsection.6.2.2}{XXX约束属性抽象}{section.6.2}% 46
\BOOKMARK [2][-]{subsection.6.2.3}{XXX系统验证分析}{section.6.2}% 47
\BOOKMARK [2][-]{subsection.6.2.4}{实验结果评估}{section.6.2}% 48
\BOOKMARK [1][-]{section.6.3}{本章小结}{chapter.6}% 49
\BOOKMARK [0][-]{chapter.7}{总结与展望}{}% 50
\BOOKMARK [0][-]{section*.13}{参考文献}{}% 51
\BOOKMARK [0][-]{section*.14}{致谢}{}% 52
\BOOKMARK [0][-]{section*.16}{发表论文和科研情况}{}% 53
